    1  ping 172.31.197.164
    2  passwd 22joseli
    3  passwd
    4  wget    https://s3.amazonaws.com/amazon-reviews-pds/tsv/amazon_reviews_us_Books_v1_02.tsv.gz
    5  git --version
    6  ls
    7  git
    8  pwd
    9  mkdir ws1
   10  cd ws1
   11  ls
   12  pwd
   13  git init
   14  touch ws1_jh_new_file.txt
   15  ls
   16  git status
   17  git add ws1_jh_new_file.txt 
   18  git status
   19  git commit -m "This is my first commit"
   20  git config --global jose.a.hernandez@sjsu.edu
   21  git config --global user.name "joseh510"
   22  git commit -m "This is my first commit"
   23  git commit --amend --reset-author
   24  ls
   25  history > cmds.log
